Analysis & Synthesis report for Pratica2
Thu Oct 13 02:47:49 2022
Quartus II 64-Bit Version 13.0.1 Build 232 06/12/2013 Service Pack 1 SJ Web Edition


---------------------
; Table of Contents ;
---------------------
  1. Legal Notice
  2. Analysis & Synthesis Summary
  3. Analysis & Synthesis Settings
  4. Parallel Compilation
  5. Analysis & Synthesis Source Files Read
  6. Analysis & Synthesis Resource Usage Summary
  7. Analysis & Synthesis Resource Utilization by Entity
  8. Analysis & Synthesis RAM Summary
  9. Analysis & Synthesis IP Cores Summary
 10. State Machine - |Processador|Tstep_Q
 11. User-Specified and Inferred Latches
 12. Registers Removed During Synthesis
 13. General Register Statistics
 14. Multiplexer Restructuring Statistics (Restructuring Performed)
 15. Source assignments for ROM:instrucoes|altsyncram:altsyncram_component|altsyncram_pk71:auto_generated
 16. Source assignments for RAM:inst_ram|altsyncram:altsyncram_component|altsyncram_72d1:auto_generated
 17. Parameter Settings for User Entity Instance: Top-level Entity: |Processador
 18. Parameter Settings for User Entity Instance: ROM:instrucoes|altsyncram:altsyncram_component
 19. Parameter Settings for User Entity Instance: RAM:inst_ram|altsyncram:altsyncram_component
 20. Parameter Settings for User Entity Instance: barrel:shift
 21. altsyncram Parameter Settings by Entity Instance
 22. Port Connectivity Checks: "RAM:inst_ram"
 23. Port Connectivity Checks: "ROM:instrucoes"
 24. Elapsed Time Per Partition
 25. Analysis & Synthesis Messages
 26. Analysis & Synthesis Suppressed Messages



----------------
; Legal Notice ;
----------------
Copyright (C) 1991-2013 Altera Corporation
Your use of Altera Corporation's design tools, logic functions 
and other software and tools, and its AMPP partner logic 
functions, and any output files from any of the foregoing 
(including device programming or simulation files), and any 
associated documentation or information are expressly subject 
to the terms and conditions of the Altera Program License 
Subscription Agreement, Altera MegaCore Function License 
Agreement, or other applicable license agreement, including, 
without limitation, that your use is for the sole purpose of 
programming logic devices manufactured by Altera and sold by 
Altera or its authorized distributors.  Please refer to the 
applicable agreement for further details.



+--------------------------------------------------------------------------------------+
; Analysis & Synthesis Summary                                                         ;
+------------------------------------+-------------------------------------------------+
; Analysis & Synthesis Status        ; Successful - Thu Oct 13 02:47:49 2022           ;
; Quartus II 64-Bit Version          ; 13.0.1 Build 232 06/12/2013 SP 1 SJ Web Edition ;
; Revision Name                      ; Pratica2                                        ;
; Top-level Entity Name              ; Processador                                     ;
; Family                             ; Cyclone II                                      ;
; Total logic elements               ; 714                                             ;
;     Total combinational functions  ; 560                                             ;
;     Dedicated logic registers      ; 208                                             ;
; Total registers                    ; 208                                             ;
; Total pins                         ; 100                                             ;
; Total virtual pins                 ; 0                                               ;
; Total memory bits                  ; 4,608                                           ;
; Embedded Multiplier 9-bit elements ; 0                                               ;
; Total PLLs                         ; 0                                               ;
+------------------------------------+-------------------------------------------------+


+----------------------------------------------------------------------------------------------------------------------+
; Analysis & Synthesis Settings                                                                                        ;
+----------------------------------------------------------------------------+--------------------+--------------------+
; Option                                                                     ; Setting            ; Default Value      ;
+----------------------------------------------------------------------------+--------------------+--------------------+
; Device                                                                     ; EP2C35F672C6       ;                    ;
; Top-level entity name                                                      ; Processador        ; Pratica2           ;
; Family name                                                                ; Cyclone II         ; Cyclone IV GX      ;
; Use smart compilation                                                      ; Off                ; Off                ;
; Enable parallel Assembler and TimeQuest Timing Analyzer during compilation ; On                 ; On                 ;
; Enable compact report table                                                ; Off                ; Off                ;
; Restructure Multiplexers                                                   ; Auto               ; Auto               ;
; Create Debugging Nodes for IP Cores                                        ; Off                ; Off                ;
; Preserve fewer node names                                                  ; On                 ; On                 ;
; Disable OpenCore Plus hardware evaluation                                  ; Off                ; Off                ;
; Verilog Version                                                            ; Verilog_2001       ; Verilog_2001       ;
; VHDL Version                                                               ; VHDL_1993          ; VHDL_1993          ;
; State Machine Processing                                                   ; Auto               ; Auto               ;
; Safe State Machine                                                         ; Off                ; Off                ;
; Extract Verilog State Machines                                             ; On                 ; On                 ;
; Extract VHDL State Machines                                                ; On                 ; On                 ;
; Ignore Verilog initial constructs                                          ; Off                ; Off                ;
; Iteration limit for constant Verilog loops                                 ; 5000               ; 5000               ;
; Iteration limit for non-constant Verilog loops                             ; 250                ; 250                ;
; Add Pass-Through Logic to Inferred RAMs                                    ; On                 ; On                 ;
; Infer RAMs from Raw Logic                                                  ; On                 ; On                 ;
; Parallel Synthesis                                                         ; On                 ; On                 ;
; DSP Block Balancing                                                        ; Auto               ; Auto               ;
; NOT Gate Push-Back                                                         ; On                 ; On                 ;
; Power-Up Don't Care                                                        ; On                 ; On                 ;
; Remove Redundant Logic Cells                                               ; Off                ; Off                ;
; Remove Duplicate Registers                                                 ; On                 ; On                 ;
; Ignore CARRY Buffers                                                       ; Off                ; Off                ;
; Ignore CASCADE Buffers                                                     ; Off                ; Off                ;
; Ignore GLOBAL Buffers                                                      ; Off                ; Off                ;
; Ignore ROW GLOBAL Buffers                                                  ; Off                ; Off                ;
; Ignore LCELL Buffers                                                       ; Off                ; Off                ;
; Ignore SOFT Buffers                                                        ; On                 ; On                 ;
; Limit AHDL Integers to 32 Bits                                             ; Off                ; Off                ;
; Optimization Technique                                                     ; Balanced           ; Balanced           ;
; Carry Chain Length                                                         ; 70                 ; 70                 ;
; Auto Carry Chains                                                          ; On                 ; On                 ;
; Auto Open-Drain Pins                                                       ; On                 ; On                 ;
; Perform WYSIWYG Primitive Resynthesis                                      ; Off                ; Off                ;
; Auto ROM Replacement                                                       ; On                 ; On                 ;
; Auto RAM Replacement                                                       ; On                 ; On                 ;
; Auto Shift Register Replacement                                            ; Auto               ; Auto               ;
; Allow Shift Register Merging across Hierarchies                            ; Auto               ; Auto               ;
; Auto Clock Enable Replacement                                              ; On                 ; On                 ;
; Strict RAM Replacement                                                     ; Off                ; Off                ;
; Allow Synchronous Control Signals                                          ; On                 ; On                 ;
; Force Use of Synchronous Clear Signals                                     ; Off                ; Off                ;
; Auto RAM to Logic Cell Conversion                                          ; Off                ; Off                ;
; Auto Resource Sharing                                                      ; Off                ; Off                ;
; Allow Any RAM Size For Recognition                                         ; Off                ; Off                ;
; Allow Any ROM Size For Recognition                                         ; Off                ; Off                ;
; Allow Any Shift Register Size For Recognition                              ; Off                ; Off                ;
; Use LogicLock Constraints during Resource Balancing                        ; On                 ; On                 ;
; Ignore translate_off and synthesis_off directives                          ; Off                ; Off                ;
; Timing-Driven Synthesis                                                    ; Off                ; Off                ;
; Report Parameter Settings                                                  ; On                 ; On                 ;
; Report Source Assignments                                                  ; On                 ; On                 ;
; Report Connectivity Checks                                                 ; On                 ; On                 ;
; Ignore Maximum Fan-Out Assignments                                         ; Off                ; Off                ;
; Synchronization Register Chain Length                                      ; 2                  ; 2                  ;
; PowerPlay Power Optimization                                               ; Normal compilation ; Normal compilation ;
; HDL message level                                                          ; Level2             ; Level2             ;
; Suppress Register Optimization Related Messages                            ; Off                ; Off                ;
; Number of Removed Registers Reported in Synthesis Report                   ; 5000               ; 5000               ;
; Number of Swept Nodes Reported in Synthesis Report                         ; 5000               ; 5000               ;
; Number of Inverted Registers Reported in Synthesis Report                  ; 100                ; 100                ;
; Clock MUX Protection                                                       ; On                 ; On                 ;
; Auto Gated Clock Conversion                                                ; Off                ; Off                ;
; Block Design Naming                                                        ; Auto               ; Auto               ;
; SDC constraint protection                                                  ; Off                ; Off                ;
; Synthesis Effort                                                           ; Auto               ; Auto               ;
; Shift Register Replacement - Allow Asynchronous Clear Signal               ; On                 ; On                 ;
; Pre-Mapping Resynthesis Optimization                                       ; Off                ; Off                ;
; Analysis & Synthesis Message Level                                         ; Medium             ; Medium             ;
; Disable Register Merging Across Hierarchies                                ; Auto               ; Auto               ;
; Resource Aware Inference For Block RAM                                     ; On                 ; On                 ;
; Synthesis Seed                                                             ; 1                  ; 1                  ;
+----------------------------------------------------------------------------+--------------------+--------------------+


Parallel compilation was disabled, but you have multiple processors available. Enable parallel compilation to reduce compilation time.
+-------------------------------------+
; Parallel Compilation                ;
+----------------------------+--------+
; Processors                 ; Number ;
+----------------------------+--------+
; Number detected on machine ; 12     ;
; Maximum allowed            ; 1      ;
+----------------------------+--------+


+---------------------------------------------------------------------------------------------------------------------------------------------------------------------------+
; Analysis & Synthesis Source Files Read                                                                                                                                    ;
+----------------------------------+-----------------+----------------------------------+-------------------------------------------------------------------------+---------+
; File Name with User-Entered Path ; Used in Netlist ; File Type                        ; File Name with Absolute Path                                            ; Library ;
+----------------------------------+-----------------+----------------------------------+-------------------------------------------------------------------------+---------+
; Processador.v                    ; yes             ; User Verilog HDL File            ; C:/Users/user/Desktop/Documentos/LAOC/Pratica2/Processador.v            ;         ;
; regn.v                           ; yes             ; User Verilog HDL File            ; C:/Users/user/Desktop/Documentos/LAOC/Pratica2/regn.v                   ;         ;
; ULA.v                            ; yes             ; User Verilog HDL File            ; C:/Users/user/Desktop/Documentos/LAOC/Pratica2/ULA.v                    ;         ;
; F.v                              ; yes             ; User Verilog HDL File            ; C:/Users/user/Desktop/Documentos/LAOC/Pratica2/F.v                      ;         ;
; PC.v                             ; yes             ; User Verilog HDL File            ; C:/Users/user/Desktop/Documentos/LAOC/Pratica2/PC.v                     ;         ;
; barrel.v                         ; yes             ; User Verilog HDL File            ; C:/Users/user/Desktop/Documentos/LAOC/Pratica2/barrel.v                 ;         ;
; ROM.v                            ; yes             ; User Wizard-Generated File       ; C:/Users/user/Desktop/Documentos/LAOC/Pratica2/ROM.v                    ;         ;
; caso4.mif                        ; yes             ; User Memory Initialization File  ; C:/Users/user/Desktop/Documentos/LAOC/Pratica2/caso4.mif                ;         ;
; memoria.mif                      ; yes             ; User Memory Initialization File  ; C:/Users/user/Desktop/Documentos/LAOC/Pratica2/memoria.mif              ;         ;
; RAM.v                            ; yes             ; User Wizard-Generated File       ; C:/Users/user/Desktop/Documentos/LAOC/Pratica2/RAM.v                    ;         ;
; dec3to8.v                        ; yes             ; User Verilog HDL File            ; C:/Users/user/Desktop/Documentos/LAOC/Pratica2/dec3to8.v                ;         ;
; moduloW.v                        ; yes             ; User Verilog HDL File            ; C:/Users/user/Desktop/Documentos/LAOC/Pratica2/moduloW.v                ;         ;
; altsyncram.tdf                   ; yes             ; Megafunction                     ; c:/altera/13.0sp1/quartus/libraries/megafunctions/altsyncram.tdf        ;         ;
; stratix_ram_block.inc            ; yes             ; Megafunction                     ; c:/altera/13.0sp1/quartus/libraries/megafunctions/stratix_ram_block.inc ;         ;
; lpm_mux.inc                      ; yes             ; Megafunction                     ; c:/altera/13.0sp1/quartus/libraries/megafunctions/lpm_mux.inc           ;         ;
; lpm_decode.inc                   ; yes             ; Megafunction                     ; c:/altera/13.0sp1/quartus/libraries/megafunctions/lpm_decode.inc        ;         ;
; aglobal130.inc                   ; yes             ; Megafunction                     ; c:/altera/13.0sp1/quartus/libraries/megafunctions/aglobal130.inc        ;         ;
; a_rdenreg.inc                    ; yes             ; Megafunction                     ; c:/altera/13.0sp1/quartus/libraries/megafunctions/a_rdenreg.inc         ;         ;
; altrom.inc                       ; yes             ; Megafunction                     ; c:/altera/13.0sp1/quartus/libraries/megafunctions/altrom.inc            ;         ;
; altram.inc                       ; yes             ; Megafunction                     ; c:/altera/13.0sp1/quartus/libraries/megafunctions/altram.inc            ;         ;
; altdpram.inc                     ; yes             ; Megafunction                     ; c:/altera/13.0sp1/quartus/libraries/megafunctions/altdpram.inc          ;         ;
; db/altsyncram_pk71.tdf           ; yes             ; Auto-Generated Megafunction      ; C:/Users/user/Desktop/Documentos/LAOC/Pratica2/db/altsyncram_pk71.tdf   ;         ;
; db/altsyncram_72d1.tdf           ; yes             ; Auto-Generated Megafunction      ; C:/Users/user/Desktop/Documentos/LAOC/Pratica2/db/altsyncram_72d1.tdf   ;         ;
+----------------------------------+-----------------+----------------------------------+-------------------------------------------------------------------------+---------+


+-----------------------------------------------------+
; Analysis & Synthesis Resource Usage Summary         ;
+---------------------------------------------+-------+
; Resource                                    ; Usage ;
+---------------------------------------------+-------+
; Estimated Total logic elements              ; 714   ;
;                                             ;       ;
; Total combinational functions               ; 560   ;
; Logic element usage by number of LUT inputs ;       ;
;     -- 4 input functions                    ; 369   ;
;     -- 3 input functions                    ; 152   ;
;     -- <=2 input functions                  ; 39    ;
;                                             ;       ;
; Logic elements by mode                      ;       ;
;     -- normal mode                          ; 515   ;
;     -- arithmetic mode                      ; 45    ;
;                                             ;       ;
; Total registers                             ; 208   ;
;     -- Dedicated logic registers            ; 208   ;
;     -- I/O registers                        ; 0     ;
;                                             ;       ;
; I/O pins                                    ; 100   ;
; Total memory bits                           ; 4608  ;
; Embedded Multiplier 9-bit elements          ; 0     ;
; Maximum fan-out node                        ; Clock ;
; Maximum fan-out                             ; 240   ;
; Total fan-out                               ; 3032  ;
; Average fan-out                             ; 3.37  ;
+---------------------------------------------+-------+


+-------------------------------------------------------------------------------------------------------------------------------------------------------------------------------------------------------------------------------------------------------------------+
; Analysis & Synthesis Resource Utilization by Entity                                                                                                                                                                                                               ;
+-------------------------------------------+-------------------+--------------+-------------+--------------+---------+-----------+------+--------------+--------------------------------------------------------------------------------------------+--------------+
; Compilation Hierarchy Node                ; LC Combinationals ; LC Registers ; Memory Bits ; DSP Elements ; DSP 9x9 ; DSP 18x18 ; Pins ; Virtual Pins ; Full Hierarchy Name                                                                        ; Library Name ;
+-------------------------------------------+-------------------+--------------+-------------+--------------+---------+-----------+------+--------------+--------------------------------------------------------------------------------------------+--------------+
; |Processador                              ; 560 (181)         ; 208 (6)      ; 4608        ; 0            ; 0       ; 0         ; 100  ; 0            ; |Processador                                                                               ; work         ;
;    |F:moduloF|                            ; 29 (29)           ; 1 (1)        ; 0           ; 0            ; 0       ; 0         ; 0    ; 0            ; |Processador|F:moduloF                                                                     ; work         ;
;    |PC:reg_7|                             ; 17 (17)           ; 16 (16)      ; 0           ; 0            ; 0       ; 0         ; 0    ; 0            ; |Processador|PC:reg_7                                                                      ; work         ;
;    |RAM:inst_ram|                         ; 0 (0)             ; 0 (0)        ; 4096        ; 0            ; 0       ; 0         ; 0    ; 0            ; |Processador|RAM:inst_ram                                                                  ; work         ;
;       |altsyncram:altsyncram_component|   ; 0 (0)             ; 0 (0)        ; 4096        ; 0            ; 0       ; 0         ; 0    ; 0            ; |Processador|RAM:inst_ram|altsyncram:altsyncram_component                                  ; work         ;
;          |altsyncram_72d1:auto_generated| ; 0 (0)             ; 0 (0)        ; 4096        ; 0            ; 0       ; 0         ; 0    ; 0            ; |Processador|RAM:inst_ram|altsyncram:altsyncram_component|altsyncram_72d1:auto_generated   ; work         ;
;    |ROM:instrucoes|                       ; 0 (0)             ; 0 (0)        ; 512         ; 0            ; 0       ; 0         ; 0    ; 0            ; |Processador|ROM:instrucoes                                                                ; work         ;
;       |altsyncram:altsyncram_component|   ; 0 (0)             ; 0 (0)        ; 512         ; 0            ; 0       ; 0         ; 0    ; 0            ; |Processador|ROM:instrucoes|altsyncram:altsyncram_component                                ; work         ;
;          |altsyncram_pk71:auto_generated| ; 0 (0)             ; 0 (0)        ; 512         ; 0            ; 0       ; 0         ; 0    ; 0            ; |Processador|ROM:instrucoes|altsyncram:altsyncram_component|altsyncram_pk71:auto_generated ; work         ;
;    |ULA:ula|                              ; 153 (153)         ; 0 (0)        ; 0           ; 0            ; 0       ; 0         ; 0    ; 0            ; |Processador|ULA:ula                                                                       ; work         ;
;    |barrel:shift|                         ; 165 (165)         ; 0 (0)        ; 0           ; 0            ; 0       ; 0         ; 0    ; 0            ; |Processador|barrel:shift                                                                  ; work         ;
;    |dec3to8:decX|                         ; 15 (15)           ; 0 (0)        ; 0           ; 0            ; 0       ; 0         ; 0    ; 0            ; |Processador|dec3to8:decX                                                                  ; work         ;
;    |moduloW:habilitador|                  ; 0 (0)             ; 1 (1)        ; 0           ; 0            ; 0       ; 0         ; 0    ; 0            ; |Processador|moduloW:habilitador                                                           ; work         ;
;    |regn:dados|                           ; 0 (0)             ; 16 (16)      ; 0           ; 0            ; 0       ; 0         ; 0    ; 0            ; |Processador|regn:dados                                                                    ; work         ;
;    |regn:endereco|                        ; 0 (0)             ; 8 (8)        ; 0           ; 0            ; 0       ; 0         ; 0    ; 0            ; |Processador|regn:endereco                                                                 ; work         ;
;    |regn:reg_0|                           ; 0 (0)             ; 16 (16)      ; 0           ; 0            ; 0       ; 0         ; 0    ; 0            ; |Processador|regn:reg_0                                                                    ; work         ;
;    |regn:reg_1|                           ; 0 (0)             ; 16 (16)      ; 0           ; 0            ; 0       ; 0         ; 0    ; 0            ; |Processador|regn:reg_1                                                                    ; work         ;
;    |regn:reg_2|                           ; 0 (0)             ; 16 (16)      ; 0           ; 0            ; 0       ; 0         ; 0    ; 0            ; |Processador|regn:reg_2                                                                    ; work         ;
;    |regn:reg_3|                           ; 0 (0)             ; 16 (16)      ; 0           ; 0            ; 0       ; 0         ; 0    ; 0            ; |Processador|regn:reg_3                                                                    ; work         ;
;    |regn:reg_4|                           ; 0 (0)             ; 16 (16)      ; 0           ; 0            ; 0       ; 0         ; 0    ; 0            ; |Processador|regn:reg_4                                                                    ; work         ;
;    |regn:reg_5|                           ; 0 (0)             ; 16 (16)      ; 0           ; 0            ; 0       ; 0         ; 0    ; 0            ; |Processador|regn:reg_5                                                                    ; work         ;
;    |regn:reg_6|                           ; 0 (0)             ; 16 (16)      ; 0           ; 0            ; 0       ; 0         ; 0    ; 0            ; |Processador|regn:reg_6                                                                    ; work         ;
;    |regn:reg_A|                           ; 0 (0)             ; 16 (16)      ; 0           ; 0            ; 0       ; 0         ; 0    ; 0            ; |Processador|regn:reg_A                                                                    ; work         ;
;    |regn:reg_G|                           ; 0 (0)             ; 16 (16)      ; 0           ; 0            ; 0       ; 0         ; 0    ; 0            ; |Processador|regn:reg_G                                                                    ; work         ;
;    |regn:reg_IR|                          ; 0 (0)             ; 16 (16)      ; 0           ; 0            ; 0       ; 0         ; 0    ; 0            ; |Processador|regn:reg_IR                                                                   ; work         ;
+-------------------------------------------+-------------------+--------------+-------------+--------------+---------+-----------+------+--------------+--------------------------------------------------------------------------------------------+--------------+
Note: For table entries with two numbers listed, the numbers in parentheses indicate the number of resources of the given type used by the specific entity alone. The numbers listed outside of parentheses indicate the total resources of the given type used by the specific entity and all of its sub-entities in the hierarchy.


+------------------------------------------------------------------------------------------------------------------------------------------------------------------------------------------------+
; Analysis & Synthesis RAM Summary                                                                                                                                                               ;
+------------------------------------------------------------------------------------------+------+-------------+--------------+--------------+--------------+--------------+------+-------------+
; Name                                                                                     ; Type ; Mode        ; Port A Depth ; Port A Width ; Port B Depth ; Port B Width ; Size ; MIF         ;
+------------------------------------------------------------------------------------------+------+-------------+--------------+--------------+--------------+--------------+------+-------------+
; RAM:inst_ram|altsyncram:altsyncram_component|altsyncram_72d1:auto_generated|ALTSYNCRAM   ; AUTO ; Single Port ; 256          ; 16           ; --           ; --           ; 4096 ; memoria.mif ;
; ROM:instrucoes|altsyncram:altsyncram_component|altsyncram_pk71:auto_generated|ALTSYNCRAM ; AUTO ; ROM         ; 32           ; 16           ; --           ; --           ; 512  ; caso4.mif   ;
+------------------------------------------------------------------------------------------+------+-------------+--------------+--------------+--------------+--------------+------+-------------+


+----------------------------------------------------------------------------------------------------------------------------------------------------+
; Analysis & Synthesis IP Cores Summary                                                                                                              ;
+--------+--------------+---------+--------------+--------------+-----------------------------+------------------------------------------------------+
; Vendor ; IP Core Name ; Version ; Release Date ; License Type ; Entity Instance             ; IP Include File                                      ;
+--------+--------------+---------+--------------+--------------+-----------------------------+------------------------------------------------------+
; Altera ; RAM: 1-PORT  ; 13.0    ; N/A          ; N/A          ; |Processador|RAM:inst_ram   ; C:/Users/user/Desktop/Documentos/LAOC/Pratica2/RAM.v ;
; Altera ; ROM: 1-PORT  ; 13.0    ; N/A          ; N/A          ; |Processador|ROM:instrucoes ; C:/Users/user/Desktop/Documentos/LAOC/Pratica2/ROM.v ;
+--------+--------------+---------+--------------+--------------+-----------------------------+------------------------------------------------------+


Encoding Type:  One-Hot
+------------------------------------------------------------------------------------------+
; State Machine - |Processador|Tstep_Q                                                     ;
+------------+------------+------------+------------+------------+------------+------------+
; Name       ; Tstep_Q.T5 ; Tstep_Q.T4 ; Tstep_Q.T3 ; Tstep_Q.T2 ; Tstep_Q.T1 ; Tstep_Q.T0 ;
+------------+------------+------------+------------+------------+------------+------------+
; Tstep_Q.T0 ; 0          ; 0          ; 0          ; 0          ; 0          ; 0          ;
; Tstep_Q.T1 ; 0          ; 0          ; 0          ; 0          ; 1          ; 1          ;
; Tstep_Q.T2 ; 0          ; 0          ; 0          ; 1          ; 0          ; 1          ;
; Tstep_Q.T3 ; 0          ; 0          ; 1          ; 0          ; 0          ; 1          ;
; Tstep_Q.T4 ; 0          ; 1          ; 0          ; 0          ; 0          ; 1          ;
; Tstep_Q.T5 ; 1          ; 0          ; 0          ; 0          ; 0          ; 1          ;
+------------+------------+------------+------------+------------+------------+------------+


+----------------------------------------------------------------------------------------------------+
; User-Specified and Inferred Latches                                                                ;
+-----------------------------------------------------+---------------------+------------------------+
; Latch Name                                          ; Latch Enable Signal ; Free of Timing Hazards ;
+-----------------------------------------------------+---------------------+------------------------+
; Select[2]                                           ; Selector1           ; yes                    ;
; Select[1]                                           ; Selector1           ; yes                    ;
; Select[3]                                           ; Selector1           ; yes                    ;
; Select[0]                                           ; Selector1           ; yes                    ;
; ULA:ula|dado[0]                                     ; ULA:ula|dado[15]    ; yes                    ;
; ULA:ula|dado[3]                                     ; ULA:ula|dado[15]    ; yes                    ;
; ULA:ula|dado[6]                                     ; ULA:ula|dado[15]    ; yes                    ;
; ULA:ula|dado[5]                                     ; ULA:ula|dado[15]    ; yes                    ;
; ULA:ula|dado[9]                                     ; ULA:ula|dado[15]    ; yes                    ;
; ULA:ula|dado[4]                                     ; ULA:ula|dado[15]    ; yes                    ;
; ULA:ula|dado[1]                                     ; ULA:ula|dado[15]    ; yes                    ;
; ULA:ula|dado[2]                                     ; ULA:ula|dado[15]    ; yes                    ;
; ULA:ula|dado[7]                                     ; ULA:ula|dado[15]    ; yes                    ;
; ULA:ula|dado[8]                                     ; ULA:ula|dado[15]    ; yes                    ;
; ULA:ula|dado[10]                                    ; ULA:ula|dado[15]    ; yes                    ;
; ULA:ula|dado[11]                                    ; ULA:ula|dado[15]    ; yes                    ;
; ULA:ula|dado[12]                                    ; ULA:ula|dado[15]    ; yes                    ;
; ULA:ula|dado[13]                                    ; ULA:ula|dado[15]    ; yes                    ;
; ULA:ula|dado[14]                                    ; ULA:ula|dado[15]    ; yes                    ;
; ULA:ula|dado[15]                                    ; ULA:ula|dado[15]    ; yes                    ;
; dec3to8:decX|Y[0]                                   ; dec3to8:decX|Mux0   ; yes                    ;
; dec3to8:decX|Y[1]                                   ; dec3to8:decX|Mux0   ; yes                    ;
; dec3to8:decX|Y[2]                                   ; dec3to8:decX|Mux0   ; yes                    ;
; dec3to8:decX|Y[3]                                   ; dec3to8:decX|Mux0   ; yes                    ;
; dec3to8:decX|Y[4]                                   ; dec3to8:decX|Mux0   ; yes                    ;
; dec3to8:decX|Y[6]                                   ; dec3to8:decX|Mux0   ; yes                    ;
; dec3to8:decX|Y[5]                                   ; dec3to8:decX|Mux0   ; yes                    ;
; Number of user-specified and inferred latches = 27  ;                     ;                        ;
+-----------------------------------------------------+---------------------+------------------------+
Note: All latches listed above may not be present at the end of synthesis due to various synthesis optimizations.


+------------------------------------------------------------+
; Registers Removed During Synthesis                         ;
+---------------------------------------+--------------------+
; Register name                         ; Reason for Removal ;
+---------------------------------------+--------------------+
; Tstep_Q~4                             ; Lost fanout        ;
; Tstep_Q~5                             ; Lost fanout        ;
; Tstep_Q~6                             ; Lost fanout        ;
; Total Number of Removed Registers = 3 ;                    ;
+---------------------------------------+--------------------+


+------------------------------------------------------+
; General Register Statistics                          ;
+----------------------------------------------+-------+
; Statistic                                    ; Value ;
+----------------------------------------------+-------+
; Total registers                              ; 208   ;
; Number of registers using Synchronous Clear  ; 0     ;
; Number of registers using Synchronous Load   ; 16    ;
; Number of registers using Asynchronous Clear ; 6     ;
; Number of registers using Asynchronous Load  ; 0     ;
; Number of registers using Clock Enable       ; 200   ;
; Number of registers using Preset             ; 0     ;
+----------------------------------------------+-------+


+-----------------------------------------------------------------------------------------------------------------------------------------------------+
; Multiplexer Restructuring Statistics (Restructuring Performed)                                                                                      ;
+--------------------+-----------+---------------+----------------------+------------------------+------------+---------------------------------------+
; Multiplexer Inputs ; Bus Width ; Baseline Area ; Area if Restructured ; Saving if Restructured ; Registered ; Example Multiplexer Output            ;
+--------------------+-----------+---------------+----------------------+------------------------+------------+---------------------------------------+
; 3:1                ; 16 bits   ; 32 LEs        ; 16 LEs               ; 16 LEs                 ; Yes        ; |Processador|PC:reg_7|PC[6]           ;
; 4:1                ; 15 bits   ; 30 LEs        ; 30 LEs               ; 0 LEs                  ; No         ; |Processador|ULA:ula|dado             ;
; 3:1                ; 8 bits    ; 16 LEs        ; 8 LEs                ; 8 LEs                  ; No         ; |Processador|barrel:shift|ShiftLeft1  ;
; 3:1                ; 2 bits    ; 4 LEs         ; 4 LEs                ; 0 LEs                  ; No         ; |Processador|barrel:shift|ShiftRight1 ;
; 4:1                ; 4 bits    ; 8 LEs         ; 8 LEs                ; 0 LEs                  ; No         ; |Processador|barrel:shift|ShiftLeft1  ;
; 5:1                ; 4 bits    ; 12 LEs        ; 12 LEs               ; 0 LEs                  ; No         ; |Processador|barrel:shift|ShiftLeft1  ;
; 14:1               ; 8 bits    ; 72 LEs        ; 56 LEs               ; 16 LEs                 ; No         ; |Processador|Mux29                    ;
; 14:1               ; 8 bits    ; 72 LEs        ; 64 LEs               ; 8 LEs                  ; No         ; |Processador|Mux27                    ;
; 9:1                ; 7 bits    ; 42 LEs        ; 35 LEs               ; 7 LEs                  ; No         ; |Processador|ULA:ula|dado[5]          ;
; 10:1               ; 4 bits    ; 24 LEs        ; 24 LEs               ; 0 LEs                  ; No         ; |Processador|ULA:ula|dado[11]         ;
; 11:1               ; 3 bits    ; 21 LEs        ; 18 LEs               ; 3 LEs                  ; No         ; |Processador|ULA:ula|dado[14]         ;
+--------------------+-----------+---------------+----------------------+------------------------+------------+---------------------------------------+


+------------------------------------------------------------------------------------------------------+
; Source assignments for ROM:instrucoes|altsyncram:altsyncram_component|altsyncram_pk71:auto_generated ;
+---------------------------------+--------------------+------+----------------------------------------+
; Assignment                      ; Value              ; From ; To                                     ;
+---------------------------------+--------------------+------+----------------------------------------+
; OPTIMIZE_POWER_DURING_SYNTHESIS ; NORMAL_COMPILATION ; -    ; -                                      ;
+---------------------------------+--------------------+------+----------------------------------------+


+----------------------------------------------------------------------------------------------------+
; Source assignments for RAM:inst_ram|altsyncram:altsyncram_component|altsyncram_72d1:auto_generated ;
+---------------------------------+--------------------+------+--------------------------------------+
; Assignment                      ; Value              ; From ; To                                   ;
+---------------------------------+--------------------+------+--------------------------------------+
; OPTIMIZE_POWER_DURING_SYNTHESIS ; NORMAL_COMPILATION ; -    ; -                                    ;
+---------------------------------+--------------------+------+--------------------------------------+


+-----------------------------------------------------------------------------+
; Parameter Settings for User Entity Instance: Top-level Entity: |Processador ;
+----------------+-------+----------------------------------------------------+
; Parameter Name ; Value ; Type                                               ;
+----------------+-------+----------------------------------------------------+
; T0             ; 000   ; Unsigned Binary                                    ;
; T1             ; 001   ; Unsigned Binary                                    ;
; T2             ; 010   ; Unsigned Binary                                    ;
; T3             ; 011   ; Unsigned Binary                                    ;
; T4             ; 100   ; Unsigned Binary                                    ;
; T5             ; 101   ; Unsigned Binary                                    ;
; b              ; 000   ; Unsigned Binary                                    ;
; beq            ; 001   ; Unsigned Binary                                    ;
; bne            ; 010   ; Unsigned Binary                                    ;
; mv             ; 000   ; Unsigned Binary                                    ;
; mvt            ; 001   ; Unsigned Binary                                    ;
; add            ; 010   ; Unsigned Binary                                    ;
; sub            ; 011   ; Unsigned Binary                                    ;
; And            ; 110   ; Unsigned Binary                                    ;
; ld             ; 100   ; Unsigned Binary                                    ;
; st             ; 101   ; Unsigned Binary                                    ;
; bs             ; 111   ; Unsigned Binary                                    ;
; _R0            ; 0000  ; Unsigned Binary                                    ;
; _R1            ; 0001  ; Unsigned Binary                                    ;
; _R2            ; 0010  ; Unsigned Binary                                    ;
; _R3            ; 0011  ; Unsigned Binary                                    ;
; _R4            ; 0100  ; Unsigned Binary                                    ;
; _R5            ; 0101  ; Unsigned Binary                                    ;
; _R6            ; 0110  ; Unsigned Binary                                    ;
; _PC            ; 0111  ; Unsigned Binary                                    ;
; _G             ; 1000  ; Unsigned Binary                                    ;
; _IR8_IR8_0     ; 1001  ; Unsigned Binary                                    ;
; _IR7_0_0       ; 1010  ; Unsigned Binary                                    ;
; _DIN           ; 1011  ; Unsigned Binary                                    ;
+----------------+-------+----------------------------------------------------+
Note: In order to hide this table in the UI and the text report file, please set the "Show Parameter Settings in Synthesis Report" option in "Analysis and Synthesis Settings -> More Settings" to "Off".


+---------------------------------------------------------------------------------------------+
; Parameter Settings for User Entity Instance: ROM:instrucoes|altsyncram:altsyncram_component ;
+------------------------------------+----------------------+---------------------------------+
; Parameter Name                     ; Value                ; Type                            ;
+------------------------------------+----------------------+---------------------------------+
; BYTE_SIZE_BLOCK                    ; 8                    ; Untyped                         ;
; AUTO_CARRY_CHAINS                  ; ON                   ; AUTO_CARRY                      ;
; IGNORE_CARRY_BUFFERS               ; OFF                  ; IGNORE_CARRY                    ;
; AUTO_CASCADE_CHAINS                ; ON                   ; AUTO_CASCADE                    ;
; IGNORE_CASCADE_BUFFERS             ; OFF                  ; IGNORE_CASCADE                  ;
; WIDTH_BYTEENA                      ; 1                    ; Untyped                         ;
; OPERATION_MODE                     ; ROM                  ; Untyped                         ;
; WIDTH_A                            ; 16                   ; Signed Integer                  ;
; WIDTHAD_A                          ; 5                    ; Signed Integer                  ;
; NUMWORDS_A                         ; 32                   ; Signed Integer                  ;
; OUTDATA_REG_A                      ; UNREGISTERED         ; Untyped                         ;
; ADDRESS_ACLR_A                     ; NONE                 ; Untyped                         ;
; OUTDATA_ACLR_A                     ; NONE                 ; Untyped                         ;
; WRCONTROL_ACLR_A                   ; NONE                 ; Untyped                         ;
; INDATA_ACLR_A                      ; NONE                 ; Untyped                         ;
; BYTEENA_ACLR_A                     ; NONE                 ; Untyped                         ;
; WIDTH_B                            ; 1                    ; Untyped                         ;
; WIDTHAD_B                          ; 1                    ; Untyped                         ;
; NUMWORDS_B                         ; 1                    ; Untyped                         ;
; INDATA_REG_B                       ; CLOCK1               ; Untyped                         ;
; WRCONTROL_WRADDRESS_REG_B          ; CLOCK1               ; Untyped                         ;
; RDCONTROL_REG_B                    ; CLOCK1               ; Untyped                         ;
; ADDRESS_REG_B                      ; CLOCK1               ; Untyped                         ;
; OUTDATA_REG_B                      ; UNREGISTERED         ; Untyped                         ;
; BYTEENA_REG_B                      ; CLOCK1               ; Untyped                         ;
; INDATA_ACLR_B                      ; NONE                 ; Untyped                         ;
; WRCONTROL_ACLR_B                   ; NONE                 ; Untyped                         ;
; ADDRESS_ACLR_B                     ; NONE                 ; Untyped                         ;
; OUTDATA_ACLR_B                     ; NONE                 ; Untyped                         ;
; RDCONTROL_ACLR_B                   ; NONE                 ; Untyped                         ;
; BYTEENA_ACLR_B                     ; NONE                 ; Untyped                         ;
; WIDTH_BYTEENA_A                    ; 1                    ; Signed Integer                  ;
; WIDTH_BYTEENA_B                    ; 1                    ; Untyped                         ;
; RAM_BLOCK_TYPE                     ; AUTO                 ; Untyped                         ;
; BYTE_SIZE                          ; 8                    ; Untyped                         ;
; READ_DURING_WRITE_MODE_MIXED_PORTS ; DONT_CARE            ; Untyped                         ;
; READ_DURING_WRITE_MODE_PORT_A      ; NEW_DATA_NO_NBE_READ ; Untyped                         ;
; READ_DURING_WRITE_MODE_PORT_B      ; NEW_DATA_NO_NBE_READ ; Untyped                         ;
; INIT_FILE                          ; caso4.mif            ; Untyped                         ;
; INIT_FILE_LAYOUT                   ; PORT_A               ; Untyped                         ;
; MAXIMUM_DEPTH                      ; 0                    ; Untyped                         ;
; CLOCK_ENABLE_INPUT_A               ; BYPASS               ; Untyped                         ;
; CLOCK_ENABLE_INPUT_B               ; NORMAL               ; Untyped                         ;
; CLOCK_ENABLE_OUTPUT_A              ; BYPASS               ; Untyped                         ;
; CLOCK_ENABLE_OUTPUT_B              ; NORMAL               ; Untyped                         ;
; CLOCK_ENABLE_CORE_A                ; USE_INPUT_CLKEN      ; Untyped                         ;
; CLOCK_ENABLE_CORE_B                ; USE_INPUT_CLKEN      ; Untyped                         ;
; ENABLE_ECC                         ; FALSE                ; Untyped                         ;
; ECC_PIPELINE_STAGE_ENABLED         ; FALSE                ; Untyped                         ;
; WIDTH_ECCSTATUS                    ; 3                    ; Untyped                         ;
; DEVICE_FAMILY                      ; Cyclone II           ; Untyped                         ;
; CBXI_PARAMETER                     ; altsyncram_pk71      ; Untyped                         ;
+------------------------------------+----------------------+---------------------------------+
Note: In order to hide this table in the UI and the text report file, please set the "Show Parameter Settings in Synthesis Report" option in "Analysis and Synthesis Settings -> More Settings" to "Off".


+-------------------------------------------------------------------------------------------+
; Parameter Settings for User Entity Instance: RAM:inst_ram|altsyncram:altsyncram_component ;
+------------------------------------+----------------------+-------------------------------+
; Parameter Name                     ; Value                ; Type                          ;
+------------------------------------+----------------------+-------------------------------+
; BYTE_SIZE_BLOCK                    ; 8                    ; Untyped                       ;
; AUTO_CARRY_CHAINS                  ; ON                   ; AUTO_CARRY                    ;
; IGNORE_CARRY_BUFFERS               ; OFF                  ; IGNORE_CARRY                  ;
; AUTO_CASCADE_CHAINS                ; ON                   ; AUTO_CASCADE                  ;
; IGNORE_CASCADE_BUFFERS             ; OFF                  ; IGNORE_CASCADE                ;
; WIDTH_BYTEENA                      ; 1                    ; Untyped                       ;
; OPERATION_MODE                     ; SINGLE_PORT          ; Untyped                       ;
; WIDTH_A                            ; 16                   ; Signed Integer                ;
; WIDTHAD_A                          ; 8                    ; Signed Integer                ;
; NUMWORDS_A                         ; 256                  ; Signed Integer                ;
; OUTDATA_REG_A                      ; UNREGISTERED         ; Untyped                       ;
; ADDRESS_ACLR_A                     ; NONE                 ; Untyped                       ;
; OUTDATA_ACLR_A                     ; NONE                 ; Untyped                       ;
; WRCONTROL_ACLR_A                   ; NONE                 ; Untyped                       ;
; INDATA_ACLR_A                      ; NONE                 ; Untyped                       ;
; BYTEENA_ACLR_A                     ; NONE                 ; Untyped                       ;
; WIDTH_B                            ; 1                    ; Untyped                       ;
; WIDTHAD_B                          ; 1                    ; Untyped                       ;
; NUMWORDS_B                         ; 1                    ; Untyped                       ;
; INDATA_REG_B                       ; CLOCK1               ; Untyped                       ;
; WRCONTROL_WRADDRESS_REG_B          ; CLOCK1               ; Untyped                       ;
; RDCONTROL_REG_B                    ; CLOCK1               ; Untyped                       ;
; ADDRESS_REG_B                      ; CLOCK1               ; Untyped                       ;
; OUTDATA_REG_B                      ; UNREGISTERED         ; Untyped                       ;
; BYTEENA_REG_B                      ; CLOCK1               ; Untyped                       ;
; INDATA_ACLR_B                      ; NONE                 ; Untyped                       ;
; WRCONTROL_ACLR_B                   ; NONE                 ; Untyped                       ;
; ADDRESS_ACLR_B                     ; NONE                 ; Untyped                       ;
; OUTDATA_ACLR_B                     ; NONE                 ; Untyped                       ;
; RDCONTROL_ACLR_B                   ; NONE                 ; Untyped                       ;
; BYTEENA_ACLR_B                     ; NONE                 ; Untyped                       ;
; WIDTH_BYTEENA_A                    ; 1                    ; Signed Integer                ;
; WIDTH_BYTEENA_B                    ; 1                    ; Untyped                       ;
; RAM_BLOCK_TYPE                     ; AUTO                 ; Untyped                       ;
; BYTE_SIZE                          ; 8                    ; Untyped                       ;
; READ_DURING_WRITE_MODE_MIXED_PORTS ; DONT_CARE            ; Untyped                       ;
; READ_DURING_WRITE_MODE_PORT_A      ; NEW_DATA_NO_NBE_READ ; Untyped                       ;
; READ_DURING_WRITE_MODE_PORT_B      ; NEW_DATA_NO_NBE_READ ; Untyped                       ;
; INIT_FILE                          ; memoria.mif          ; Untyped                       ;
; INIT_FILE_LAYOUT                   ; PORT_A               ; Untyped                       ;
; MAXIMUM_DEPTH                      ; 0                    ; Untyped                       ;
; CLOCK_ENABLE_INPUT_A               ; BYPASS               ; Untyped                       ;
; CLOCK_ENABLE_INPUT_B               ; NORMAL               ; Untyped                       ;
; CLOCK_ENABLE_OUTPUT_A              ; BYPASS               ; Untyped                       ;
; CLOCK_ENABLE_OUTPUT_B              ; NORMAL               ; Untyped                       ;
; CLOCK_ENABLE_CORE_A                ; USE_INPUT_CLKEN      ; Untyped                       ;
; CLOCK_ENABLE_CORE_B                ; USE_INPUT_CLKEN      ; Untyped                       ;
; ENABLE_ECC                         ; FALSE                ; Untyped                       ;
; ECC_PIPELINE_STAGE_ENABLED         ; FALSE                ; Untyped                       ;
; WIDTH_ECCSTATUS                    ; 3                    ; Untyped                       ;
; DEVICE_FAMILY                      ; Cyclone II           ; Untyped                       ;
; CBXI_PARAMETER                     ; altsyncram_72d1      ; Untyped                       ;
+------------------------------------+----------------------+-------------------------------+
Note: In order to hide this table in the UI and the text report file, please set the "Show Parameter Settings in Synthesis Report" option in "Analysis and Synthesis Settings -> More Settings" to "Off".


+-----------------------------------------------------------+
; Parameter Settings for User Entity Instance: barrel:shift ;
+----------------+-------+----------------------------------+
; Parameter Name ; Value ; Type                             ;
+----------------+-------+----------------------------------+
; lsl            ; 00    ; Unsigned Binary                  ;
; lsr            ; 01    ; Unsigned Binary                  ;
; asr            ; 10    ; Unsigned Binary                  ;
; ror            ; 11    ; Unsigned Binary                  ;
+----------------+-------+----------------------------------+
Note: In order to hide this table in the UI and the text report file, please set the "Show Parameter Settings in Synthesis Report" option in "Analysis and Synthesis Settings -> More Settings" to "Off".


+--------------------------------------------------------------------------------------------+
; altsyncram Parameter Settings by Entity Instance                                           ;
+-------------------------------------------+------------------------------------------------+
; Name                                      ; Value                                          ;
+-------------------------------------------+------------------------------------------------+
; Number of entity instances                ; 2                                              ;
; Entity Instance                           ; ROM:instrucoes|altsyncram:altsyncram_component ;
;     -- OPERATION_MODE                     ; ROM                                            ;
;     -- WIDTH_A                            ; 16                                             ;
;     -- NUMWORDS_A                         ; 32                                             ;
;     -- OUTDATA_REG_A                      ; UNREGISTERED                                   ;
;     -- WIDTH_B                            ; 1                                              ;
;     -- NUMWORDS_B                         ; 1                                              ;
;     -- ADDRESS_REG_B                      ; CLOCK1                                         ;
;     -- OUTDATA_REG_B                      ; UNREGISTERED                                   ;
;     -- RAM_BLOCK_TYPE                     ; AUTO                                           ;
;     -- READ_DURING_WRITE_MODE_MIXED_PORTS ; DONT_CARE                                      ;
; Entity Instance                           ; RAM:inst_ram|altsyncram:altsyncram_component   ;
;     -- OPERATION_MODE                     ; SINGLE_PORT                                    ;
;     -- WIDTH_A                            ; 16                                             ;
;     -- NUMWORDS_A                         ; 256                                            ;
;     -- OUTDATA_REG_A                      ; UNREGISTERED                                   ;
;     -- WIDTH_B                            ; 1                                              ;
;     -- NUMWORDS_B                         ; 1                                              ;
;     -- ADDRESS_REG_B                      ; CLOCK1                                         ;
;     -- OUTDATA_REG_B                      ; UNREGISTERED                                   ;
;     -- RAM_BLOCK_TYPE                     ; AUTO                                           ;
;     -- READ_DURING_WRITE_MODE_MIXED_PORTS ; DONT_CARE                                      ;
+-------------------------------------------+------------------------------------------------+


+----------------------------------------------------------------------------------------------------------------------------------------------------------------------------------------------------------------+
; Port Connectivity Checks: "RAM:inst_ram"                                                                                                                                                                       ;
+---------+-------+----------+-----------------------------------------------------------------------------------------------------------------------------------------------------------------------------------+
; Port    ; Type  ; Severity ; Details                                                                                                                                                                           ;
+---------+-------+----------+-----------------------------------------------------------------------------------------------------------------------------------------------------------------------------------+
; address ; Input ; Warning  ; Input port expression (16 bits) is wider than the input port (8 bits) it drives.  The 8 most-significant bit(s) in the expression will be dangling if they have no other fanouts. ;
+---------+-------+----------+-----------------------------------------------------------------------------------------------------------------------------------------------------------------------------------+


+-----------------------------------------------------------------------------------------------------------------------------------------------------------------------------------------------------------------+
; Port Connectivity Checks: "ROM:instrucoes"                                                                                                                                                                      ;
+---------+-------+----------+------------------------------------------------------------------------------------------------------------------------------------------------------------------------------------+
; Port    ; Type  ; Severity ; Details                                                                                                                                                                            ;
+---------+-------+----------+------------------------------------------------------------------------------------------------------------------------------------------------------------------------------------+
; address ; Input ; Warning  ; Input port expression (16 bits) is wider than the input port (6 bits) it drives.  The 10 most-significant bit(s) in the expression will be dangling if they have no other fanouts. ;
+---------+-------+----------+------------------------------------------------------------------------------------------------------------------------------------------------------------------------------------+


+-------------------------------+
; Elapsed Time Per Partition    ;
+----------------+--------------+
; Partition Name ; Elapsed Time ;
+----------------+--------------+
; Top            ; 00:00:02     ;
+----------------+--------------+


+-------------------------------+
; Analysis & Synthesis Messages ;
+-------------------------------+
Info: *******************************************************************
Info: Running Quartus II 64-Bit Analysis & Synthesis
    Info: Version 13.0.1 Build 232 06/12/2013 Service Pack 1 SJ Web Edition
    Info: Processing started: Thu Oct 13 02:47:46 2022
Info: Command: quartus_map --read_settings_files=on --write_settings_files=off Pratica2 -c Pratica2
Warning (20028): Parallel compilation is not licensed and has been disabled
Info (12021): Found 1 design units, including 1 entities, in source file processador.v
    Info (12023): Found entity 1: Processador
Info (12021): Found 1 design units, including 1 entities, in source file regn.v
    Info (12023): Found entity 1: regn
Info (12021): Found 1 design units, including 1 entities, in source file ula.v
    Info (12023): Found entity 1: ULA
Info (12021): Found 1 design units, including 1 entities, in source file f.v
    Info (12023): Found entity 1: F
Info (12021): Found 1 design units, including 1 entities, in source file pc.v
    Info (12023): Found entity 1: PC
Info (12021): Found 1 design units, including 1 entities, in source file barrel.v
    Info (12023): Found entity 1: barrel
Info (12021): Found 1 design units, including 1 entities, in source file rom.v
    Info (12023): Found entity 1: ROM
Info (12021): Found 1 design units, including 1 entities, in source file ram.v
    Info (12023): Found entity 1: RAM
Info (12021): Found 1 design units, including 1 entities, in source file dec3to8.v
    Info (12023): Found entity 1: dec3to8
Info (12021): Found 1 design units, including 1 entities, in source file toplevel.v
    Info (12023): Found entity 1: TopLevel
Info (12021): Found 1 design units, including 1 entities, in source file display.v
    Info (12023): Found entity 1: display
Info (12021): Found 1 design units, including 1 entities, in source file modulow.v
    Info (12023): Found entity 1: moduloW
Info (12127): Elaborating entity "Processador" for the top level hierarchy
Warning (10270): Verilog HDL Case Statement warning at Processador.v(144): incomplete case statement has no default case item
Warning (10270): Verilog HDL Case Statement warning at Processador.v(198): incomplete case statement has no default case item
Warning (10270): Verilog HDL Case Statement warning at Processador.v(251): incomplete case statement has no default case item
Warning (10240): Verilog HDL Always Construct warning at Processador.v(108): inferring latch(es) for variable "Select", which holds its previous value in one or more paths through the always construct
Info (10041): Inferred latch for "Select[0]" at Processador.v(108)
Info (10041): Inferred latch for "Select[1]" at Processador.v(108)
Info (10041): Inferred latch for "Select[2]" at Processador.v(108)
Info (10041): Inferred latch for "Select[3]" at Processador.v(108)
Info (12128): Elaborating entity "ROM" for hierarchy "ROM:instrucoes"
Info (12128): Elaborating entity "altsyncram" for hierarchy "ROM:instrucoes|altsyncram:altsyncram_component"
Info (12130): Elaborated megafunction instantiation "ROM:instrucoes|altsyncram:altsyncram_component"
Info (12133): Instantiated megafunction "ROM:instrucoes|altsyncram:altsyncram_component" with the following parameter:
    Info (12134): Parameter "clock_enable_input_a" = "BYPASS"
    Info (12134): Parameter "clock_enable_output_a" = "BYPASS"
    Info (12134): Parameter "init_file" = "caso4.mif"
    Info (12134): Parameter "intended_device_family" = "Cyclone II"
    Info (12134): Parameter "lpm_hint" = "ENABLE_RUNTIME_MOD=NO"
    Info (12134): Parameter "lpm_type" = "altsyncram"
    Info (12134): Parameter "numwords_a" = "32"
    Info (12134): Parameter "operation_mode" = "ROM"
    Info (12134): Parameter "outdata_aclr_a" = "NONE"
    Info (12134): Parameter "outdata_reg_a" = "UNREGISTERED"
    Info (12134): Parameter "widthad_a" = "5"
    Info (12134): Parameter "width_a" = "16"
    Info (12134): Parameter "width_byteena_a" = "1"
Info (12021): Found 1 design units, including 1 entities, in source file db/altsyncram_pk71.tdf
    Info (12023): Found entity 1: altsyncram_pk71
Info (12128): Elaborating entity "altsyncram_pk71" for hierarchy "ROM:instrucoes|altsyncram:altsyncram_component|altsyncram_pk71:auto_generated"
Info (12128): Elaborating entity "RAM" for hierarchy "RAM:inst_ram"
Info (12128): Elaborating entity "altsyncram" for hierarchy "RAM:inst_ram|altsyncram:altsyncram_component"
Info (12130): Elaborated megafunction instantiation "RAM:inst_ram|altsyncram:altsyncram_component"
Info (12133): Instantiated megafunction "RAM:inst_ram|altsyncram:altsyncram_component" with the following parameter:
    Info (12134): Parameter "clock_enable_input_a" = "BYPASS"
    Info (12134): Parameter "clock_enable_output_a" = "BYPASS"
    Info (12134): Parameter "init_file" = "memoria.mif"
    Info (12134): Parameter "intended_device_family" = "Cyclone II"
    Info (12134): Parameter "lpm_hint" = "ENABLE_RUNTIME_MOD=NO"
    Info (12134): Parameter "lpm_type" = "altsyncram"
    Info (12134): Parameter "numwords_a" = "256"
    Info (12134): Parameter "operation_mode" = "SINGLE_PORT"
    Info (12134): Parameter "outdata_aclr_a" = "NONE"
    Info (12134): Parameter "outdata_reg_a" = "UNREGISTERED"
    Info (12134): Parameter "power_up_uninitialized" = "FALSE"
    Info (12134): Parameter "widthad_a" = "8"
    Info (12134): Parameter "width_a" = "16"
    Info (12134): Parameter "width_byteena_a" = "1"
Info (12021): Found 1 design units, including 1 entities, in source file db/altsyncram_72d1.tdf
    Info (12023): Found entity 1: altsyncram_72d1
Info (12128): Elaborating entity "altsyncram_72d1" for hierarchy "RAM:inst_ram|altsyncram:altsyncram_component|altsyncram_72d1:auto_generated"
Info (12128): Elaborating entity "dec3to8" for hierarchy "dec3to8:decX"
Warning (10270): Verilog HDL Case Statement warning at dec3to8.v(12): incomplete case statement has no default case item
Warning (10240): Verilog HDL Always Construct warning at dec3to8.v(9): inferring latch(es) for variable "Y", which holds its previous value in one or more paths through the always construct
Info (10041): Inferred latch for "Y[0]" at dec3to8.v(12)
Info (10041): Inferred latch for "Y[1]" at dec3to8.v(12)
Info (10041): Inferred latch for "Y[2]" at dec3to8.v(12)
Info (10041): Inferred latch for "Y[3]" at dec3to8.v(12)
Info (10041): Inferred latch for "Y[4]" at dec3to8.v(12)
Info (10041): Inferred latch for "Y[5]" at dec3to8.v(12)
Info (10041): Inferred latch for "Y[6]" at dec3to8.v(12)
Info (12128): Elaborating entity "regn" for hierarchy "regn:reg_0"
Info (12128): Elaborating entity "moduloW" for hierarchy "moduloW:habilitador"
Info (12128): Elaborating entity "ULA" for hierarchy "ULA:ula"
Warning (10240): Verilog HDL Always Construct warning at ULA.v(20): inferring latch(es) for variable "dado", which holds its previous value in one or more paths through the always construct
Info (10041): Inferred latch for "dado[0]" at ULA.v(35)
Info (10041): Inferred latch for "dado[1]" at ULA.v(35)
Info (10041): Inferred latch for "dado[2]" at ULA.v(35)
Info (10041): Inferred latch for "dado[3]" at ULA.v(35)
Info (10041): Inferred latch for "dado[4]" at ULA.v(35)
Info (10041): Inferred latch for "dado[5]" at ULA.v(35)
Info (10041): Inferred latch for "dado[6]" at ULA.v(35)
Info (10041): Inferred latch for "dado[7]" at ULA.v(35)
Info (10041): Inferred latch for "dado[8]" at ULA.v(35)
Info (10041): Inferred latch for "dado[9]" at ULA.v(35)
Info (10041): Inferred latch for "dado[10]" at ULA.v(35)
Info (10041): Inferred latch for "dado[11]" at ULA.v(35)
Info (10041): Inferred latch for "dado[12]" at ULA.v(35)
Info (10041): Inferred latch for "dado[13]" at ULA.v(35)
Info (10041): Inferred latch for "dado[14]" at ULA.v(35)
Info (10041): Inferred latch for "dado[15]" at ULA.v(35)
Info (12128): Elaborating entity "F" for hierarchy "F:moduloF"
Info (12128): Elaborating entity "PC" for hierarchy "PC:reg_7"
Info (12128): Elaborating entity "barrel" for hierarchy "barrel:shift"
Warning (10230): Verilog HDL assignment warning at barrel.v(16): truncated value with size 32 to match size of target (16)
Warning (12020): Port "address_a" on the entity instantiation of "altsyncram_component" is connected to a signal of width 6. The formal width of the signal in the module is 5.  The extra bits will be ignored.
Warning (12241): 2 hierarchies have connectivity warnings - see the Connectivity Checks report folder
Warning (13012): Latch Select[2] has unsafe behavior
    Warning (13013): Ports D and ENA on the latch are fed by the same signal Tstep_Q.T4
Warning (13012): Latch Select[1] has unsafe behavior
    Warning (13013): Ports D and ENA on the latch are fed by the same signal regn:reg_IR|data[13]
Warning (13012): Latch Select[3] has unsafe behavior
    Warning (13013): Ports D and ENA on the latch are fed by the same signal Tstep_Q.T5
Warning (13012): Latch Select[0] has unsafe behavior
    Warning (13013): Ports D and ENA on the latch are fed by the same signal regn:reg_IR|data[13]
Warning (13012): Latch ULA:ula|dado[0] has unsafe behavior
    Warning (13013): Ports D and ENA on the latch are fed by the same signal regn:reg_IR|data[13]
Warning (13012): Latch ULA:ula|dado[3] has unsafe behavior
    Warning (13013): Ports D and ENA on the latch are fed by the same signal regn:reg_IR|data[13]
Warning (13012): Latch ULA:ula|dado[6] has unsafe behavior
    Warning (13013): Ports D and ENA on the latch are fed by the same signal regn:reg_IR|data[13]
Warning (13012): Latch ULA:ula|dado[5] has unsafe behavior
    Warning (13013): Ports D and ENA on the latch are fed by the same signal regn:reg_IR|data[13]
Warning (13012): Latch ULA:ula|dado[9] has unsafe behavior
    Warning (13013): Ports D and ENA on the latch are fed by the same signal regn:reg_IR|data[13]
Warning (13012): Latch ULA:ula|dado[4] has unsafe behavior
    Warning (13013): Ports D and ENA on the latch are fed by the same signal regn:reg_IR|data[13]
Warning (13012): Latch ULA:ula|dado[1] has unsafe behavior
    Warning (13013): Ports D and ENA on the latch are fed by the same signal regn:reg_IR|data[13]
Warning (13012): Latch ULA:ula|dado[2] has unsafe behavior
    Warning (13013): Ports D and ENA on the latch are fed by the same signal regn:reg_IR|data[13]
Warning (13012): Latch ULA:ula|dado[7] has unsafe behavior
    Warning (13013): Ports D and ENA on the latch are fed by the same signal regn:reg_IR|data[13]
Warning (13012): Latch ULA:ula|dado[8] has unsafe behavior
    Warning (13013): Ports D and ENA on the latch are fed by the same signal regn:reg_IR|data[13]
Warning (13012): Latch ULA:ula|dado[10] has unsafe behavior
    Warning (13013): Ports D and ENA on the latch are fed by the same signal regn:reg_IR|data[13]
Warning (13012): Latch ULA:ula|dado[11] has unsafe behavior
    Warning (13013): Ports D and ENA on the latch are fed by the same signal regn:reg_IR|data[13]
Warning (13012): Latch ULA:ula|dado[12] has unsafe behavior
    Warning (13013): Ports D and ENA on the latch are fed by the same signal regn:reg_IR|data[13]
Warning (13012): Latch ULA:ula|dado[13] has unsafe behavior
    Warning (13013): Ports D and ENA on the latch are fed by the same signal regn:reg_IR|data[13]
Warning (13012): Latch ULA:ula|dado[14] has unsafe behavior
    Warning (13013): Ports D and ENA on the latch are fed by the same signal regn:reg_IR|data[13]
Warning (13012): Latch ULA:ula|dado[15] has unsafe behavior
    Warning (13013): Ports D and ENA on the latch are fed by the same signal regn:reg_IR|data[13]
Warning (13012): Latch dec3to8:decX|Y[0] has unsafe behavior
    Warning (13013): Ports D and ENA on the latch are fed by the same signal regn:reg_IR|data[9]
Warning (13012): Latch dec3to8:decX|Y[1] has unsafe behavior
    Warning (13013): Ports D and ENA on the latch are fed by the same signal regn:reg_IR|data[9]
Warning (13012): Latch dec3to8:decX|Y[2] has unsafe behavior
    Warning (13013): Ports D and ENA on the latch are fed by the same signal regn:reg_IR|data[9]
Warning (13012): Latch dec3to8:decX|Y[3] has unsafe behavior
    Warning (13013): Ports D and ENA on the latch are fed by the same signal regn:reg_IR|data[9]
Warning (13012): Latch dec3to8:decX|Y[4] has unsafe behavior
    Warning (13013): Ports D and ENA on the latch are fed by the same signal regn:reg_IR|data[9]
Warning (13012): Latch dec3to8:decX|Y[6] has unsafe behavior
    Warning (13013): Ports D and ENA on the latch are fed by the same signal regn:reg_IR|data[10]
Warning (13012): Latch dec3to8:decX|Y[5] has unsafe behavior
    Warning (13013): Ports D and ENA on the latch are fed by the same signal regn:reg_IR|data[9]
Info (17049): 3 registers lost all their fanouts during netlist optimizations.
Info (144001): Generated suppressed messages file C:/Users/user/Desktop/Documentos/LAOC/Pratica2/output_files/Pratica2.map.smsg
Info (16010): Generating hard_block partition "hard_block:auto_generated_inst"
    Info (16011): Adding 0 node(s), including 0 DDIO, 0 PLL, 0 transceiver and 0 LCELL
Info (21057): Implemented 879 device resources after synthesis - the final resource count might be different
    Info (21058): Implemented 3 input pins
    Info (21059): Implemented 97 output pins
    Info (21061): Implemented 747 logic cells
    Info (21064): Implemented 32 RAM segments
Info: Quartus II 64-Bit Analysis & Synthesis was successful. 0 errors, 65 warnings
    Info: Peak virtual memory: 4623 megabytes
    Info: Processing ended: Thu Oct 13 02:47:49 2022
    Info: Elapsed time: 00:00:03
    Info: Total CPU time (on all processors): 00:00:04


+------------------------------------------+
; Analysis & Synthesis Suppressed Messages ;
+------------------------------------------+
The suppressed messages can be found in C:/Users/user/Desktop/Documentos/LAOC/Pratica2/output_files/Pratica2.map.smsg.


